<?xml version="1.0" encoding="UTF-8"?>
<!-- Generated by org.testng.reporters.JUnitReportReporter -->
<testsuite hostname="VidyaLaptop" failures="0" tests="1" name="testNg.GetUser" time="2.470" errors="0" timestamp="2024-10-18T09:50:40 CDT" skipped="0">
  <testcase classname="testNg.GetUser" name="testBasicAuth" time="2.470"/>
</testsuite> <!-- testNg.GetUser -->
