<?xml version="1.0" encoding="UTF-8"?>
<!-- Generated by org.testng.reporters.JUnitReportReporter -->
<testsuite hostname="VidyaLaptop" failures="0" tests="5" name="testNg.CreateUserTests" time="3.227" errors="0" timestamp="2024-10-18T10:35:17 CDT" skipped="0">
  <testcase classname="testNg.CreateUserTests" name="givenValidUserDetails_whenAddNewUser_thenUserIsCreated" time="0.367"/>
  <testcase classname="testNg.CreateUserTests" name="givenValidUserDetails_whenAddNewUser_thenUserIsCreated" time="1.789"/>
  <testcase classname="testNg.CreateUserTests" name="givenValidUserDetails_whenAddNewUser_thenUserIsCreated" time="0.354"/>
  <testcase classname="testNg.CreateUserTests" name="givenValidUserDetails_whenAddNewUser_thenUserIsCreated" time="0.346"/>
  <testcase classname="testNg.CreateUserTests" name="givenValidUserDetails_whenAddNewUser_thenUserIsCreated" time="0.371"/>
</testsuite> <!-- testNg.CreateUserTests -->
