<?xml version="1.0" encoding="UTF-8"?>
<!-- Generated by org.testng.reporters.JUnitReportReporter -->
<testsuite hostname="VidyaLaptop" failures="0" tests="1" name="tests.UserAPITests" time="3.042" errors="0" timestamp="2024-10-17T22:24:32 CDT" skipped="0">
  <testcase classname="tests.UserAPITests" name="testGetUsers" time="3.042"/>
</testsuite> <!-- tests.UserAPITests -->
